<?xml version="1.0" encoding="UTF-8"?>
<testng-results skipped="0" failed="0" total="6" passed="6">
  <reporter-output>
  </reporter-output>
  <suite name="Default suite" duration-ms="74742" started-at="2019-08-22T13:32:57Z" finished-at="2019-08-22T13:34:12Z">
    <groups>
    </groups>
    <test name="Default test" duration-ms="74742" started-at="2019-08-22T13:32:57Z" finished-at="2019-08-22T13:34:12Z">
      <class name="com.training.sanity.tests.LoginTests">
        <test-method status="PASS" signature="setUpBeforeClass()[pri:0, instance:com.training.sanity.tests.LoginTests@55f3ddb1]" name="setUpBeforeClass" is-config="true" duration-ms="69" started-at="2019-08-22T19:02:57Z" finished-at="2019-08-22T19:02:57Z">
          <reporter-output>
          </reporter-output>
        </test-method> <!-- setUpBeforeClass -->
        <test-method status="PASS" signature="setUp()[pri:0, instance:com.training.sanity.tests.LoginTests@55f3ddb1]" name="setUp" is-config="true" duration-ms="20451" started-at="2019-08-22T19:02:57Z" finished-at="2019-08-22T19:03:18Z">
          <reporter-output>
          </reporter-output>
        </test-method> <!-- setUp -->
        <test-method status="PASS" signature="validLoginTest()[pri:1, instance:com.training.sanity.tests.LoginTests@55f3ddb1]" name="validLoginTest" duration-ms="8738" started-at="2019-08-22T19:03:18Z" finished-at="2019-08-22T19:03:26Z">
          <reporter-output>
          </reporter-output>
        </test-method> <!-- validLoginTest -->
        <test-method status="PASS" signature="tearDown()[pri:0, instance:com.training.sanity.tests.LoginTests@55f3ddb1]" name="tearDown" is-config="true" duration-ms="1001" started-at="2019-08-22T19:03:26Z" finished-at="2019-08-22T19:03:27Z">
          <reporter-output>
          </reporter-output>
        </test-method> <!-- tearDown -->
        <test-method status="PASS" signature="registerCourse()[pri:2, instance:com.training.sanity.tests.LoginTests@55f3ddb1]" name="registerCourse" duration-ms="21337" started-at="2019-08-22T19:03:27Z" finished-at="2019-08-22T19:03:49Z">
          <reporter-output>
          </reporter-output>
        </test-method> <!-- registerCourse -->
        <test-method status="PASS" signature="tearDown()[pri:0, instance:com.training.sanity.tests.LoginTests@55f3ddb1]" name="tearDown" is-config="true" duration-ms="1001" started-at="2019-08-22T19:03:49Z" finished-at="2019-08-22T19:03:50Z">
          <reporter-output>
          </reporter-output>
        </test-method> <!-- tearDown -->
        <test-method status="PASS" signature="verifyCourseDetails()[pri:3, instance:com.training.sanity.tests.LoginTests@55f3ddb1]" name="verifyCourseDetails" duration-ms="8914" started-at="2019-08-22T19:03:50Z" finished-at="2019-08-22T19:03:59Z">
          <reporter-output>
          </reporter-output>
        </test-method> <!-- verifyCourseDetails -->
        <test-method status="PASS" signature="tearDown()[pri:0, instance:com.training.sanity.tests.LoginTests@55f3ddb1]" name="tearDown" is-config="true" duration-ms="1006" started-at="2019-08-22T19:03:59Z" finished-at="2019-08-22T19:04:00Z">
          <reporter-output>
          </reporter-output>
        </test-method> <!-- tearDown -->
        <test-method status="PASS" signature="verifyUserMenuLinks()[pri:4, instance:com.training.sanity.tests.LoginTests@55f3ddb1]" name="verifyUserMenuLinks" duration-ms="2069" started-at="2019-08-22T19:04:00Z" finished-at="2019-08-22T19:04:02Z">
          <reporter-output>
          </reporter-output>
        </test-method> <!-- verifyUserMenuLinks -->
        <test-method status="PASS" signature="tearDown()[pri:0, instance:com.training.sanity.tests.LoginTests@55f3ddb1]" name="tearDown" is-config="true" duration-ms="1002" started-at="2019-08-22T19:04:02Z" finished-at="2019-08-22T19:04:03Z">
          <reporter-output>
          </reporter-output>
        </test-method> <!-- tearDown -->
        <test-method status="PASS" signature="userLogout()[pri:5, instance:com.training.sanity.tests.LoginTests@55f3ddb1]" name="userLogout" duration-ms="5413" started-at="2019-08-22T19:04:03Z" finished-at="2019-08-22T19:04:08Z">
          <reporter-output>
          </reporter-output>
        </test-method> <!-- userLogout -->
        <test-method status="PASS" signature="tearDown()[pri:0, instance:com.training.sanity.tests.LoginTests@55f3ddb1]" name="tearDown" is-config="true" duration-ms="1001" started-at="2019-08-22T19:04:08Z" finished-at="2019-08-22T19:04:09Z">
          <reporter-output>
          </reporter-output>
        </test-method> <!-- tearDown -->
        <test-method status="PASS" signature="closeBrowser()[pri:6, instance:com.training.sanity.tests.LoginTests@55f3ddb1]" name="closeBrowser" duration-ms="1675" started-at="2019-08-22T19:04:09Z" finished-at="2019-08-22T19:04:11Z">
          <reporter-output>
          </reporter-output>
        </test-method> <!-- closeBrowser -->
        <test-method status="PASS" signature="tearDown()[pri:0, instance:com.training.sanity.tests.LoginTests@55f3ddb1]" name="tearDown" is-config="true" duration-ms="1001" started-at="2019-08-22T19:04:11Z" finished-at="2019-08-22T19:04:12Z">
          <reporter-output>
          </reporter-output>
        </test-method> <!-- tearDown -->
      </class> <!-- com.training.sanity.tests.LoginTests -->
    </test> <!-- Default test -->
  </suite> <!-- Default suite -->
</testng-results>
