<?xml version="1.0" encoding="UTF-8"?>
<!-- Generated by org.testng.reporters.JUnitXMLReporter -->
<testsuite hostname="DESKTOP-BUO3JJE" name="Default test" tests="6" failures="0" timestamp="22 Aug 2019 13:34:12 GMT" time="74.742" errors="0">
  <testcase name="validLoginTest" time="8.738" classname="com.training.sanity.tests.LoginTests"/>
  <testcase name="registerCourse" time="21.337" classname="com.training.sanity.tests.LoginTests"/>
  <testcase name="verifyCourseDetails" time="8.914" classname="com.training.sanity.tests.LoginTests"/>
  <testcase name="verifyUserMenuLinks" time="2.069" classname="com.training.sanity.tests.LoginTests"/>
  <testcase name="userLogout" time="5.413" classname="com.training.sanity.tests.LoginTests"/>
  <testcase name="closeBrowser" time="1.675" classname="com.training.sanity.tests.LoginTests"/>
</testsuite> <!-- Default test -->
